<?xml version="1.0" encoding="UTF-8"?>
<!-- Generated by org.testng.reporters.JUnitReportReporter -->
<testsuite hostname="DESKTOP-6USQ61I" failures="0" tests="1" name="testBase.TC001_AccountRegistrationTest" time="3.344" errors="0" timestamp="2025-01-02T22:17:40 IST" skipped="0">
  <testcase classname="testBase.TC001_AccountRegistrationTest" name="verify_Account_Registration" time="3.344"/>
</testsuite> <!-- testBase.TC001_AccountRegistrationTest -->
