<?xml version="1.0" encoding="UTF-8"?>
<!-- Generated by org.testng.reporters.JUnitReportReporter -->
<testsuite hostname="DESKTOP-6USQ61I" failures="0" tests="1" name="testCases.TC001_AccountRegistrationTest" time="3.327" errors="0" timestamp="2025-01-03T21:15:54 IST" skipped="0">
  <testcase classname="testCases.TC001_AccountRegistrationTest" name="verify_Account_Registration" time="3.327"/>
</testsuite> <!-- testCases.TC001_AccountRegistrationTest -->
